<?xml version="1.0" encoding="UTF-8"?>
<!-- Generated by org.testng.reporters.JUnitReportReporter -->
<testsuite hostname="IBM-FCWTPM3" name="day1.restassured" tests="1" failures="0" timestamp="4 Jul 2022 04:10:56 GMT" time="2.907" errors="0">
  <testcase name="createuser" time="2.907" classname="day1.restassured"/>
</testsuite> <!-- day1.restassured -->
